 1:39:51  Mission world: Enoch
 1:39:51  Mission directory: <snip>\Arma 3\missions\tempMissionSP.Enoch\
 1:39:53 unable to save config variable to: 
 1:39:53 "BIS_fnc_log: [preInit] ""DeltaTime computation started"""
 1:39:58  Mission id: bbeb5ff55b56193608abe7397eb535bd76191e1a
 1:40:00 Loading movesType CfgMovesSnakes_F
 1:40:00 MovesType CfgMovesSnakes_F load time 53 ms
 1:40:01 unable to save config variable to: 
 1:40:09 CallExtension loaded: ConfigDumpFileIO (.\ConfigDumpFileIO_x64.dll) [1.0.0.0] [1.0.0.0]

 1:40:14 String STR_A3_Fighter_03_Canopy_name not found
 1:40:15 String STR_A3_Fighter_03_Canopy_name not found
 1:40:15 String STR_A3_Fighter_03_Canopy_name not found
 1:40:22 String STR_A3_A_m01_Debriefing_A_hub01_2_title not found
 1:40:23 String STR_A3_c02_m01_093_br_all_briefing_a_GUARDIAN_0 not found
 1:40:23 String STR_A3_c02_m01_093_br_all_briefing_a_GUARDIAN_1 not found
 1:40:23 String STR_A3_c02_m01_093_br_all_briefing_a_GUARDIAN_2 not found
 1:40:23 String STR_A3_c02_m01_093_br_all_briefing_a_GUARDIAN_3 not found
 1:40:23 String STR_A3_c02_m01_093_br_all_briefing_a_GUARDIAN_4 not found
 1:40:23 String STR_A3_c02_m01_093_br_all_briefing_a_GUARDIAN_5 not found
 1:40:23 String STR_A3_c02_m01_093_br_all_briefing_a_GUARDIAN_6 not found
 1:40:23 String STR_A3_c02_m01_093_br_all_briefing_a_GUARDIAN_7 not found
 1:40:23 String STR_A3_c02_m01_093_br_all_briefing_a_GUARDIAN_8 not found
 1:40:23 String STR_A3_c02_m01_093_br_all_briefing_a_GUARDIAN_9 not found
 1:40:23 String STR_A3_c02_m01_093_br_all_briefing_a_GUARDIAN_10 not found
 1:40:23 String STR_A3_c02_m01_093_br_all_briefing_a_GUARDIAN_11 not found
 1:40:23 String STR_A3_c02_m01_093_br_all_briefing_a_GUARDIAN_12 not found
 1:40:23 String STR_A3_c02_m01_093_br_all_briefing_a_GUARDIAN_13 not found
 1:40:23 String STR_A3_c02_m01_093_br_all_briefing_a_GUARDIAN_14 not found
 1:40:23 String STR_A3_c02_m01_001_br_inf_briefing_b_GUARDIAN_0 not found
 1:40:23 String STR_A3_c02_m01_001_br_inf_briefing_b_GUARDIAN_1 not found
 1:40:23 String STR_A3_c02_m01_001_br_inf_briefing_b_GUARDIAN_2 not found
 1:40:23 String STR_A3_c02_m01_001_br_inf_briefing_b_GUARDIAN_3 not found
 1:40:23 String STR_A3_c02_m01_001_br_inf_briefing_b_GUARDIAN_4 not found
 1:40:23 String STR_A3_c02_m01_001_br_inf_briefing_b_GUARDIAN_5 not found
 1:40:23 String STR_A3_c02_m01_001_br_inf_briefing_b_GUARDIAN_6 not found
 1:40:23 String STR_A3_c02_m01_001_br_inf_briefing_b_GUARDIAN_7 not found
 1:40:23 String STR_A3_c02_m01_001_br_inf_briefing_b_GUARDIAN_8 not found
 1:40:23 String STR_A3_c02_m01_001_br_inf_briefing_b_GUARDIAN_9 not found
 1:40:23 String STR_A3_c02_m01_002_br_sf_briefing_c_GUARDIAN_0 not found
 1:40:23 String STR_A3_c02_m01_002_br_sf_briefing_c_GUARDIAN_1 not found
 1:40:23 String STR_A3_c02_m01_002_br_sf_briefing_c_GUARDIAN_2 not found
 1:40:23 String STR_A3_c02_m01_002_br_sf_briefing_c_GUARDIAN_3 not found
 1:40:23 String STR_A3_c02_m01_002_br_sf_briefing_c_GUARDIAN_4 not found
 1:40:23 String STR_A3_c02_m01_002_br_sf_briefing_c_GUARDIAN_5 not found
 1:40:23 String STR_A3_c02_m01_002_br_sf_briefing_c_GUARDIAN_6 not found
 1:40:23 String STR_A3_c02_m01_002_br_sf_briefing_c_GUARDIAN_7 not found
 1:40:23 String STR_A3_to_c03_m03_007_br_briefing_c__1 not found
 1:40:25 String STR_DISTANCE_DANGER_CLOSE_TO not found
 1:40:25 String STR_A3__mUNIT___Move__test_____mOBJ not found
 1:40:26 String STR_A3__mUNIT___Move__test_____mOBJ not found
 1:40:26 String STR_A3__mUNIT___Move__test_____mOBJ not found
 1:40:26 String STR_3DEN_Messages_missionLoadRequiredAddons not found
 1:40:28 String STR_A3_RscFunctionsViewer_btnRecompileSelected not found
 1:40:28 String STR_A3_C_CfgMods_Contact_name not found
 1:40:30 String STR_A3_to_c01_m01_065_eve_patrol_a_SOLDIER_01_0 not found
 1:40:30 String STR_A3_to_c01_m01_065_eve_patrol_a_SOLDIER_02_0 not found
 1:40:30 String STR_A3_to_c01_m01_066_eve_patrol_b_SOLDIER_01_0 not found
 1:40:30 String STR_A3_to_c01_m01_066_eve_patrol_b_SOLDIER_02_0 not found
 1:40:30 String STR_A3_to_c01_m01_066_eve_patrol_b_SOLDIER_01_1 not found
 1:40:30 String STR_A3_to_c01_m01_066_eve_patrol_b_SOLDIER_02_1 not found
 1:40:30 String STR_A3_to_c01_m01_066_eve_patrol_b_SOLDIER_01_2 not found
 1:40:30 String STR_A3_to_c01_m01_066_eve_patrol_b_SOLDIER_01_3 not found
 1:40:30 String STR_A3_to_c01_m01_067_eve_sentry_a_SOLDIER_01_0 not found
 1:40:30 String STR_A3_to_c01_m01_067_eve_sentry_a_SOLDIER_01_1 not found
 1:40:30 String STR_A3_to_c01_m01_067_eve_sentry_a_SOLDIER_02_0 not found
 1:40:30 String STR_A3_to_c01_m01_067_eve_sentry_a_SOLDIER_01_2 not found
 1:40:30 String STR_A3_to_c01_m01_068_eve_surprised_a_SOLDIER_01_0 not found
 1:40:30 String STR_A3_to_c01_m01_069_eve_surprised_b_SOLDIER_02_0 not found
 1:40:30 String STR_A3_to_c03_m03_007_br_briefing_c__1 not found
 1:40:30 String STR_A3_to_c03_m03_041_eve_ctrg_rv_alone_FALCON_0 not found
 1:40:30 String STR_A3_to_c03_m03_041_eve_ctrg_rv_alone_FALCON_1 not found
 1:40:30 String STR_A3_to_c03_m03_041_eve_ctrg_rv_alone_FALCON_2 not found
 1:40:32 String STR_A3__mUNIT___Move__test_____mOBJ not found
 1:40:32 String STR_A3__mUNIT___Move__test_____mOBJ not found
 1:40:33 String STR_A3__mUNIT___Move__test_____mOBJ not found
 1:40:33 String STR_A3__mUNIT___Move__test_____mOBJ not found
